<?xml version="1.0" encoding="UTF-8"?>
<!-- Generated by org.testng.reporters.JUnitReportReporter -->
<testsuite hostname="DESKTOP-QIUSCAS" failures="0" tests="2" name="LOGIN_Testcases.Login_1_Test" time="30.049" errors="0" timestamp="27 Oct 2023 09:06:41 GMT">
  <testcase classname="LOGIN_Testcases.Login_1_Test" name="Login_TC_002" time="30.014"/>
  <testcase classname="LOGIN_Testcases.Login_1_Test" name="TC_Login_003" time="0.035"/>
</testsuite> <!-- LOGIN_Testcases.Login_1_Test -->
